<?xml version="1.0" encoding="UTF-8"?>
<!-- Generated by org.testng.reporters.JUnitReportReporter -->
<testsuite skipped="0" hostname="RaviTeja-PC" name="selenium.project.fblogin1" tests="1" failures="0" timestamp="12 Mar 2018 08:53:52 GMT" time="155.627" errors="0">
  <testcase name="fb" time="155.627" classname="selenium.project.fblogin1"/>
</testsuite> <!-- selenium.project.fblogin1 -->
